<?xml version="1.0" encoding="UTF-8"?>
<testng-results ignored="0" total="2" passed="2" failed="0" skipped="0">
  <reporter-output>
  </reporter-output>
  <suite started-at="2024-12-03T13:38:39 IST" name="Suite" finished-at="2024-12-03T13:38:59 IST" duration-ms="20339">
    <groups>
    </groups>
    <test started-at="2024-12-03T13:38:39 IST" name="Chrome" finished-at="2024-12-03T13:38:45 IST" duration-ms="6337">
      <class name="runnerScript.Testcase01">
        <test-method is-config="true" signature="BrowserName(java.lang.String)[pri:0, instance:runnerScript.Testcase01@36916eb0]" started-at="2024-12-03T13:38:39 IST" name="BrowserName" finished-at="2024-12-03T13:38:41 IST" duration-ms="2595" status="PASS">
          <params>
            <param index="0">
              <value>
                <![CDATA[chrome]]>
              </value>
            </param>
          </params>
          <reporter-output>
          </reporter-output>
        </test-method> <!-- BrowserName -->
        <test-method signature="Login()[pri:0, instance:runnerScript.Testcase01@36916eb0]" started-at="2024-12-03T13:38:41 IST" name="Login" finished-at="2024-12-03T13:38:42 IST" duration-ms="474" status="PASS">
          <reporter-output>
          </reporter-output>
        </test-method> <!-- Login -->
        <test-method is-config="true" signature="closebrowser()[pri:0, instance:runnerScript.Testcase01@36916eb0]" started-at="2024-12-03T13:38:42 IST" name="closebrowser" finished-at="2024-12-03T13:38:45 IST" duration-ms="3226" status="PASS">
          <reporter-output>
          </reporter-output>
        </test-method> <!-- closebrowser -->
      </class> <!-- runnerScript.Testcase01 -->
    </test> <!-- Chrome -->
    <test started-at="2024-12-03T13:38:45 IST" name="Firefox" finished-at="2024-12-03T13:38:59 IST" duration-ms="13938">
      <class name="runnerScript.Testcase01">
        <test-method is-config="true" signature="BrowserName(java.lang.String)[pri:0, instance:runnerScript.Testcase01@644baf4a]" started-at="2024-12-03T13:38:45 IST" name="BrowserName" finished-at="2024-12-03T13:38:49 IST" duration-ms="4446" status="PASS">
          <params>
            <param index="0">
              <value>
                <![CDATA[fire]]>
              </value>
            </param>
          </params>
          <reporter-output>
          </reporter-output>
        </test-method> <!-- BrowserName -->
        <test-method signature="Login()[pri:0, instance:runnerScript.Testcase01@644baf4a]" started-at="2024-12-03T13:38:49 IST" name="Login" finished-at="2024-12-03T13:38:55 IST" duration-ms="5380" status="PASS">
          <reporter-output>
          </reporter-output>
        </test-method> <!-- Login -->
        <test-method is-config="true" signature="closebrowser()[pri:0, instance:runnerScript.Testcase01@644baf4a]" started-at="2024-12-03T13:38:55 IST" name="closebrowser" finished-at="2024-12-03T13:38:59 IST" duration-ms="4110" status="PASS">
          <reporter-output>
          </reporter-output>
        </test-method> <!-- closebrowser -->
      </class> <!-- runnerScript.Testcase01 -->
    </test> <!-- Firefox -->
  </suite> <!-- Suite -->
</testng-results>
